[INFO] [2016-03-16 10:17:08][org.springframework.context.support.ClassPathXmlApplicationContext]Refreshing org.springframework.context.support.ClassPathXmlApplicationContext@3efceb09: startup date [Wed Mar 16 10:17:08 CST 2016]; root of context hierarchy
  [INFO] [2016-03-16 10:17:08][org.springframework.beans.factory.xml.XmlBeanDefinitionReader]Loading XML bean definitions from class path resource [applicationContext.xml]
  [INFO] [2016-03-16 10:17:08][org.springframework.beans.factory.config.PropertyPlaceholderConfigurer]Loading properties file from class path resource [init.properties]
  [INFO] [2016-03-16 10:17:38][org.springframework.context.support.ClassPathXmlApplicationContext]Refreshing org.springframework.context.support.ClassPathXmlApplicationContext@2b2856b4: startup date [Wed Mar 16 10:17:38 CST 2016]; root of context hierarchy
  [INFO] [2016-03-16 10:17:38][org.springframework.beans.factory.xml.XmlBeanDefinitionReader]Loading XML bean definitions from class path resource [applicationContext.xml]
  [INFO] [2016-03-16 10:17:38][org.springframework.beans.factory.config.PropertyPlaceholderConfigurer]Loading properties file from class path resource [init.properties]
  [INFO] [2016-03-16 10:22:51][org.springframework.context.support.ClassPathXmlApplicationContext]Refreshing org.springframework.context.support.ClassPathXmlApplicationContext@4c3ad9b: startup date [Wed Mar 16 10:22:51 CST 2016]; root of context hierarchy
  [INFO] [2016-03-16 10:22:51][org.springframework.beans.factory.xml.XmlBeanDefinitionReader]Loading XML bean definitions from class path resource [applicationContext.xml]
  [INFO] [2016-03-16 10:22:51][org.springframework.beans.factory.support.DefaultListableBeanFactory]Overriding bean definition for bean 'userService': replacing [Generic bean: class [com.bjwmt.service.impl.UserServiceImpl]; scope=singleton; abstract=false; lazyInit=false; autowireMode=0; dependencyCheck=0; autowireCandidate=true; primary=false; factoryBeanName=null; factoryMethodName=null; initMethodName=null; destroyMethodName=null; defined in file [E:\MyEclipse 2015\SSM\ssm Maven Webapp\target\classes\com\bjwmt\service\impl\UserServiceImpl.class]] with [Generic bean: class [com.bjwmt.service.UserServiceImpl]; scope=; abstract=false; lazyInit=false; autowireMode=0; dependencyCheck=0; autowireCandidate=true; primary=false; factoryBeanName=null; factoryMethodName=null; initMethodName=null; destroyMethodName=null; defined in class path resource [applicationContext.xml]]
  [INFO] [2016-03-16 10:22:52][org.springframework.beans.factory.config.PropertyPlaceholderConfigurer]Loading properties file from class path resource [init.properties]
  [INFO] [2016-03-16 10:22:52][org.springframework.beans.factory.annotation.AutowiredAnnotationBeanPostProcessor]JSR-330 'javax.inject.Inject' annotation found and supported for autowiring
  [INFO] [2016-03-16 10:24:34][org.springframework.context.support.ClassPathXmlApplicationContext]Refreshing org.springframework.context.support.ClassPathXmlApplicationContext@4eaabc2d: startup date [Wed Mar 16 10:24:34 CST 2016]; root of context hierarchy
  [INFO] [2016-03-16 10:24:34][org.springframework.beans.factory.xml.XmlBeanDefinitionReader]Loading XML bean definitions from class path resource [applicationContext.xml]
  [INFO] [2016-03-16 10:24:34][org.springframework.beans.factory.support.DefaultListableBeanFactory]Overriding bean definition for bean 'userService': replacing [Generic bean: class [com.bjwmt.service.impl.UserServiceImpl]; scope=singleton; abstract=false; lazyInit=false; autowireMode=0; dependencyCheck=0; autowireCandidate=true; primary=false; factoryBeanName=null; factoryMethodName=null; initMethodName=null; destroyMethodName=null; defined in file [E:\MyEclipse 2015\SSM\ssm Maven Webapp\target\classes\com\bjwmt\service\impl\UserServiceImpl.class]] with [Generic bean: class [com.bjwmt.service.UserServiceImpl]; scope=; abstract=false; lazyInit=false; autowireMode=0; dependencyCheck=0; autowireCandidate=true; primary=false; factoryBeanName=null; factoryMethodName=null; initMethodName=null; destroyMethodName=null; defined in class path resource [applicationContext.xml]]
  [INFO] [2016-03-16 10:24:34][org.springframework.beans.factory.config.PropertyPlaceholderConfigurer]Loading properties file from class path resource [init.properties]
  [INFO] [2016-03-16 10:24:34][org.springframework.beans.factory.annotation.AutowiredAnnotationBeanPostProcessor]JSR-330 'javax.inject.Inject' annotation found and supported for autowiring
  [INFO] [2016-03-16 10:25:00][org.springframework.context.support.ClassPathXmlApplicationContext]Refreshing org.springframework.context.support.ClassPathXmlApplicationContext@6554598e: startup date [Wed Mar 16 10:25:00 CST 2016]; root of context hierarchy
  [INFO] [2016-03-16 10:25:00][org.springframework.beans.factory.xml.XmlBeanDefinitionReader]Loading XML bean definitions from class path resource [applicationContext.xml]
  [INFO] [2016-03-16 10:25:25][org.springframework.context.support.ClassPathXmlApplicationContext]Refreshing org.springframework.context.support.ClassPathXmlApplicationContext@6554598e: startup date [Wed Mar 16 10:25:25 CST 2016]; root of context hierarchy
  [INFO] [2016-03-16 10:25:25][org.springframework.beans.factory.xml.XmlBeanDefinitionReader]Loading XML bean definitions from class path resource [applicationContext.xml]
  [INFO] [2016-03-16 10:39:10][org.springframework.beans.factory.xml.XmlBeanDefinitionReader]Loading XML bean definitions from class path resource [spring-mybatis.xml]
  [INFO] [2016-03-16 10:39:10][org.springframework.context.support.GenericApplicationContext]Refreshing org.springframework.context.support.GenericApplicationContext@2ced1f5: startup date [Wed Mar 16 10:39:10 CST 2016]; root of context hierarchy
  [INFO] [2016-03-16 10:39:10][org.springframework.context.support.PropertySourcesPlaceholderConfigurer]Loading properties file from class path resource [init.properties]
  [INFO] [2016-03-16 10:39:10][org.springframework.beans.factory.config.PropertyPlaceholderConfigurer]Loading properties file from class path resource [init.properties]
  [INFO] [2016-03-16 10:39:10][org.springframework.beans.factory.annotation.AutowiredAnnotationBeanPostProcessor]JSR-330 'javax.inject.Inject' annotation found and supported for autowiring
  [INFO] [2016-03-16 10:39:10][org.springframework.context.support.GenericApplicationContext]Closing org.springframework.context.support.GenericApplicationContext@2ced1f5: startup date [Wed Mar 16 10:39:10 CST 2016]; root of context hierarchy
  [INFO] [2016-03-16 11:00:25][org.springframework.beans.factory.xml.XmlBeanDefinitionReader]Loading XML bean definitions from class path resource [spring-mybatis.xml]
  [INFO] [2016-03-16 11:00:25][org.springframework.context.support.GenericApplicationContext]Refreshing org.springframework.context.support.GenericApplicationContext@583a2d43: startup date [Wed Mar 16 11:00:25 CST 2016]; root of context hierarchy
  [INFO] [2016-03-16 11:00:25][org.springframework.context.support.PropertySourcesPlaceholderConfigurer]Loading properties file from class path resource [init.properties]
  [INFO] [2016-03-16 11:00:25][org.springframework.beans.factory.config.PropertyPlaceholderConfigurer]Loading properties file from class path resource [init.properties]
  [INFO] [2016-03-16 11:00:25][org.springframework.beans.factory.annotation.AutowiredAnnotationBeanPostProcessor]JSR-330 'javax.inject.Inject' annotation found and supported for autowiring
  [INFO] [2016-03-16 11:00:26][org.springframework.context.support.GenericApplicationContext]Closing org.springframework.context.support.GenericApplicationContext@583a2d43: startup date [Wed Mar 16 11:00:25 CST 2016]; root of context hierarchy
  